[2022-06-05 22:22:54,375] {taskinstance.py:1159} INFO - Dependencies all met for <TaskInstance: CSV_TO_DS.create_schema_and_tables manual__2022-06-05T22:17:51.837663+00:00 [queued]>
[2022-06-05 22:22:54,395] {taskinstance.py:1159} INFO - Dependencies all met for <TaskInstance: CSV_TO_DS.create_schema_and_tables manual__2022-06-05T22:17:51.837663+00:00 [queued]>
[2022-06-05 22:22:54,395] {taskinstance.py:1356} INFO - 
--------------------------------------------------------------------------------
[2022-06-05 22:22:54,395] {taskinstance.py:1357} INFO - Starting attempt 2 of 2
[2022-06-05 22:22:54,395] {taskinstance.py:1358} INFO - 
--------------------------------------------------------------------------------
[2022-06-05 22:22:54,416] {taskinstance.py:1377} INFO - Executing <Task(PostgresOperator): create_schema_and_tables> on 2022-06-05 22:17:51.837663+00:00
[2022-06-05 22:22:54,423] {standard_task_runner.py:52} INFO - Started process 85 to run task
[2022-06-05 22:22:54,432] {standard_task_runner.py:79} INFO - Running: ['***', 'tasks', 'run', 'CSV_TO_DS', 'create_schema_and_tables', 'manual__2022-06-05T22:17:51.837663+00:00', '--job-id', '11', '--raw', '--subdir', 'DAGS_FOLDER/csv_to_ds.py', '--cfg-path', '/tmp/tmpp342v5kp', '--error-file', '/tmp/tmplw6zjhvb']
[2022-06-05 22:22:54,433] {standard_task_runner.py:80} INFO - Job 11: Subtask create_schema_and_tables
[2022-06-05 22:22:54,515] {task_command.py:370} INFO - Running <TaskInstance: CSV_TO_DS.create_schema_and_tables manual__2022-06-05T22:17:51.837663+00:00 [running]> on host 1d689ce05a02
[2022-06-05 22:22:54,564] {taskinstance.py:1889} ERROR - Task failed with exception
Traceback (most recent call last):
  File "/home/airflow/.local/lib/python3.7/site-packages/airflow/models/taskinstance.py", line 1451, in _run_raw_task
    self._execute_task_with_callbacks(context, test_mode)
  File "/home/airflow/.local/lib/python3.7/site-packages/airflow/models/taskinstance.py", line 1555, in _execute_task_with_callbacks
    task_orig = self.render_templates(context=context)
  File "/home/airflow/.local/lib/python3.7/site-packages/airflow/models/taskinstance.py", line 2212, in render_templates
    rendered_task = self.task.render_template_fields(context)
  File "/home/airflow/.local/lib/python3.7/site-packages/airflow/models/baseoperator.py", line 1185, in render_template_fields
    self._do_render_template_fields(self, self.template_fields, context, jinja_env, set())
  File "/home/airflow/.local/lib/python3.7/site-packages/airflow/utils/session.py", line 71, in wrapper
    return func(*args, session=session, **kwargs)
  File "/home/airflow/.local/lib/python3.7/site-packages/airflow/models/abstractoperator.py", line 348, in _do_render_template_fields
    seen_oids,
  File "/home/airflow/.local/lib/python3.7/site-packages/airflow/models/abstractoperator.py", line 385, in render_template
    template = jinja_env.get_template(value)
  File "/home/airflow/.local/lib/python3.7/site-packages/jinja2/environment.py", line 997, in get_template
    return self._load_template(name, globals)
  File "/home/airflow/.local/lib/python3.7/site-packages/jinja2/environment.py", line 958, in _load_template
    template = self.loader.load(self, name, self.make_globals(globals))
  File "/home/airflow/.local/lib/python3.7/site-packages/jinja2/loaders.py", line 125, in load
    source, filename, uptodate = self.get_source(environment, name)
  File "/home/airflow/.local/lib/python3.7/site-packages/jinja2/loaders.py", line 214, in get_source
    raise TemplateNotFound(template)
jinja2.exceptions.TemplateNotFound: /opt/airflow/sql/create_tables_ds.sql
[2022-06-05 22:22:54,581] {taskinstance.py:1400} INFO - Marking task as FAILED. dag_id=CSV_TO_DS, task_id=create_schema_and_tables, execution_date=20220605T221751, start_date=20220605T222254, end_date=20220605T222254
[2022-06-05 22:22:54,596] {standard_task_runner.py:97} ERROR - Failed to execute job 11 for task create_schema_and_tables (/opt/airflow/sql/create_tables_ds.sql; 85)
[2022-06-05 22:22:54,615] {local_task_job.py:156} INFO - Task exited with return code 1
[2022-06-05 22:22:54,674] {local_task_job.py:273} INFO - 0 downstream tasks scheduled from follow-on schedule check
